Using pre-set license

 COMMAND LINE ARGUMENTS:
/Applications/Unity/Hub/Editor/2020.2.2f1/Unity.app/Contents/MacOS/Unity
-adb2
-batchMode
-noUpm
-name
AssetImportWorker0
-projectPath
/Users/amaryans/Documents/teamGME/Horror Game
-logFile
Logs/AssetImportWorker0.log
-srvPort
56801
Successfully changed project path to: /Users/amaryans/Documents/teamGME/Horror Game
/Users/amaryans/Documents/teamGME/Horror Game
Using Asset Import Pipeline V2.
Refreshing native plugins compatible for Editor in 28.83 ms, found 1 plugins.
Preloading 0 native plugins for Editor in 0.00 ms.
Initialize engine version: 2020.2.2f1 (068178b99f32)
[Subsystems] Discovering subsystems at path /Applications/Unity/Hub/Editor/2020.2.2f1/Unity.app/Contents/Resources/UnitySubsystems
[Subsystems] Discovering subsystems at path /Users/amaryans/Documents/teamGME/Horror Game/Assets
GfxDevice: creating device client; threaded=0
2021-02-11 21:55:59.095 Unity[7565:743000] Color LCD preferred device: AMD Radeon Pro 5500M (high power)
2021-02-11 21:55:59.095 Unity[7565:743000] Metal devices available: 2
2021-02-11 21:55:59.095 Unity[7565:743000] 0: AMD Radeon Pro 5500M (high power)
2021-02-11 21:55:59.095 Unity[7565:743000] 1: Intel(R) UHD Graphics 630 (low power)
2021-02-11 21:55:59.096 Unity[7565:743000] Using device AMD Radeon Pro 5500M (high power)
Initializing Metal device caps: AMD Radeon Pro 5500M
Initialize mono
Mono path[0] = '/Applications/Unity/Hub/Editor/2020.2.2f1/Unity.app/Contents/Managed'
Mono path[1] = '/Applications/Unity/Hub/Editor/2020.2.2f1/Unity.app/Contents/MonoBleedingEdge/lib/mono/unityjit'
Mono config path = '/Applications/Unity/Hub/Editor/2020.2.2f1/Unity.app/Contents/MonoBleedingEdge/etc'
Using monoOptions --debugger-agent=transport=dt_socket,embedding=1,server=y,suspend=n,address=127.0.0.1:56565
Begin MonoManager ReloadAssembly
Registering precompiled unity dll's ...
Register platform support module: /Applications/Unity/Hub/Editor/2020.2.2f1/Unity.app/Contents/PlaybackEngines/MacStandaloneSupport/UnityEditor.OSXStandalone.Extensions.dll
Registered in 0.000448 seconds.
Native extension for OSXStandalone target not found
Refreshing native plugins compatible for Editor in 24.41 ms, found 1 plugins.
Preloading 0 native plugins for Editor in 0.00 ms.
Invoked RoslynAnalysisRunner static constructor.
RoslynAnalysisRunner will not be running.
RoslynAnalysisRunner has terminated.
Mono: successfully reloaded assembly
- Completed reload, in  1.738 seconds
Platform modules already initialized, skipping
Registering precompiled user dll's ...
Registered in 0.000341 seconds.
Begin MonoManager ReloadAssembly
Native extension for OSXStandalone target not found
Refreshing native plugins compatible for Editor in 0.24 ms, found 1 plugins.
Preloading 0 native plugins for Editor in 0.00 ms.
Invoked RoslynAnalysisRunner static constructor.
RoslynAnalysisRunner will not be running.
RoslynAnalysisRunner has terminated.
Mono: successfully reloaded assembly
- Completed reload, in  0.842 seconds
Platform modules already initialized, skipping
========================================================================
Worker process is ready to serve import requests
Launching external process: /Applications/Unity/Hub/Editor/2020.2.2f1/Unity.app/Contents/Tools/UnityShaderCompiler
Launched and connected shader compiler UnityShaderCompiler after 0.01 seconds
Refreshing native plugins compatible for Editor in 0.26 ms, found 1 plugins.
Preloading 0 native plugins for Editor in 0.00 ms.
Unloading 1229 Unused Serialized files (Serialized files now loaded: 0)
System memory in use before: 129.7 MB.
System memory in use after: 129.4 MB.

Unloading 11 unused Assets to reduce memory usage. Loaded Objects now: 1677.
Total: 3.221249 ms (FindLiveObjects: 0.217138 ms CreateObjectMapping: 0.070222 ms MarkObjects: 2.288357 ms  DeleteObjects: 0.644249 ms)

========================================================================
Received Import Request.
  path: Assets/Animations
  artifactKey: Guid(250a8066aa95b484282dcc42d723c48c) Importer(815301076,1909f56bfc062723c751e8b465ee728b)
Start importing Assets/Animations using Guid(250a8066aa95b484282dcc42d723c48c) Importer(815301076,1909f56bfc062723c751e8b465ee728b)  -> (artifact id: '754d576d492873f7df485e517eaa5f01') in 0.005602 seconds
  Import took 0.008427 seconds .

========================================================================
Received Import Request.
  Time since last request: 373.829680 seconds.
  path: Assets/torchflicker.cs
  artifactKey: Guid(47c0569febdfd4d05ad5ec9ec7b481cc) Importer(815301076,1909f56bfc062723c751e8b465ee728b)
Start importing Assets/torchflicker.cs using Guid(47c0569febdfd4d05ad5ec9ec7b481cc) Importer(815301076,1909f56bfc062723c751e8b465ee728b)  -> (artifact id: '4e892bdf9796e4a147cb791b4ddb0d1f') in 0.358201 seconds
  Import took 0.360181 seconds .

========================================================================
Received Prepare
Registering precompiled user dll's ...
Registered in 0.000633 seconds.
Begin MonoManager ReloadAssembly
Native extension for OSXStandalone target not found
Refreshing native plugins compatible for Editor in 0.26 ms, found 1 plugins.
Preloading 0 native plugins for Editor in 0.00 ms.
Invoked RoslynAnalysisRunner static constructor.
RoslynAnalysisRunner will not be running.
RoslynAnalysisRunner has terminated.
Mono: successfully reloaded assembly
- Completed reload, in  1.077 seconds
Platform modules already initialized, skipping
Refreshing native plugins compatible for Editor in 0.26 ms, found 1 plugins.
Preloading 0 native plugins for Editor in 0.00 ms.
Unloading 1205 Unused Serialized files (Serialized files now loaded: 0)
System memory in use before: 133.7 MB.
System memory in use after: 133.3 MB.

Unloading 6 unused Assets to reduce memory usage. Loaded Objects now: 1680.
Total: 2.606313 ms (FindLiveObjects: 0.290802 ms CreateObjectMapping: 0.084372 ms MarkObjects: 1.624723 ms  DeleteObjects: 0.605306 ms)

========================================================================
Received Prepare
Registering precompiled user dll's ...
Registered in 0.018731 seconds.
Begin MonoManager ReloadAssembly
Native extension for OSXStandalone target not found
Refreshing native plugins compatible for Editor in 0.24 ms, found 1 plugins.
Preloading 0 native plugins for Editor in 0.00 ms.
Invoked RoslynAnalysisRunner static constructor.
RoslynAnalysisRunner will not be running.
RoslynAnalysisRunner has terminated.
Mono: successfully reloaded assembly
- Completed reload, in  0.771 seconds
Platform modules already initialized, skipping
Refreshing native plugins compatible for Editor in 0.25 ms, found 1 plugins.
Preloading 0 native plugins for Editor in 0.00 ms.
Unloading 1205 Unused Serialized files (Serialized files now loaded: 0)
System memory in use before: 134.0 MB.
System memory in use after: 133.7 MB.

Unloading 6 unused Assets to reduce memory usage. Loaded Objects now: 1682.
Total: 2.684680 ms (FindLiveObjects: 0.256381 ms CreateObjectMapping: 0.069950 ms MarkObjects: 1.737753 ms  DeleteObjects: 0.619410 ms)

========================================================================
Received Import Request.
  Time since last request: 117.273009 seconds.
  path: Assets/torchflicker.cs
  artifactKey: Guid(47c0569febdfd4d05ad5ec9ec7b481cc) Importer(815301076,1909f56bfc062723c751e8b465ee728b)
Start importing Assets/torchflicker.cs using Guid(47c0569febdfd4d05ad5ec9ec7b481cc) Importer(815301076,1909f56bfc062723c751e8b465ee728b)  -> (artifact id: 'ae2c491138439f1fbc2e2ab8db6df6d3') in 0.005329 seconds
  Import took 0.008837 seconds .

========================================================================
Received Prepare
Registering precompiled user dll's ...
Registered in 0.000589 seconds.
Begin MonoManager ReloadAssembly
Native extension for OSXStandalone target not found
Refreshing native plugins compatible for Editor in 0.27 ms, found 1 plugins.
Preloading 0 native plugins for Editor in 0.00 ms.
Invoked RoslynAnalysisRunner static constructor.
RoslynAnalysisRunner will not be running.
RoslynAnalysisRunner has terminated.
Mono: successfully reloaded assembly
- Completed reload, in  0.813 seconds
Platform modules already initialized, skipping
Refreshing native plugins compatible for Editor in 0.25 ms, found 1 plugins.
Preloading 0 native plugins for Editor in 0.00 ms.
Unloading 1205 Unused Serialized files (Serialized files now loaded: 0)
System memory in use before: 134.3 MB.
System memory in use after: 134.0 MB.

Unloading 6 unused Assets to reduce memory usage. Loaded Objects now: 1684.
Total: 1.926907 ms (FindLiveObjects: 0.193334 ms CreateObjectMapping: 0.057527 ms MarkObjects: 1.216179 ms  DeleteObjects: 0.458979 ms)

========================================================================
Received Prepare
Registering precompiled user dll's ...
Registered in 0.000440 seconds.
Begin MonoManager ReloadAssembly
Native extension for OSXStandalone target not found
Refreshing native plugins compatible for Editor in 0.23 ms, found 1 plugins.
Preloading 0 native plugins for Editor in 0.00 ms.
Invoked RoslynAnalysisRunner static constructor.
RoslynAnalysisRunner will not be running.
RoslynAnalysisRunner has terminated.
Mono: successfully reloaded assembly
- Completed reload, in  0.751 seconds
Platform modules already initialized, skipping
Refreshing native plugins compatible for Editor in 0.24 ms, found 1 plugins.
Preloading 0 native plugins for Editor in 0.00 ms.
Unloading 1205 Unused Serialized files (Serialized files now loaded: 0)
System memory in use before: 134.6 MB.
System memory in use after: 134.3 MB.

Unloading 6 unused Assets to reduce memory usage. Loaded Objects now: 1686.
Total: 1.824989 ms (FindLiveObjects: 0.147316 ms CreateObjectMapping: 0.031979 ms MarkObjects: 1.195148 ms  DeleteObjects: 0.437264 ms)

========================================================================
Received Import Request.
  Time since last request: 696.059546 seconds.
  path: Assets/Objects/Torch/torch flame.prefab
  artifactKey: Guid(79d989d5048314f0c8d176cb1e570e43) Importer(815301076,1909f56bfc062723c751e8b465ee728b)
Start importing Assets/Objects/Torch/torch flame.prefab using Guid(79d989d5048314f0c8d176cb1e570e43) Importer(815301076,1909f56bfc062723c751e8b465ee728b)  -> (artifact id: '8659a88a946b222fe37448c13c3120c3') in 1.159953 seconds
  Import took 1.162427 seconds .

========================================================================
Received Import Request.
  Time since last request: 2.022860 seconds.
  path: Assets/Objects/Torch/torch illuminate.prefab
  artifactKey: Guid(0f9dd25d98c1d42068553e716a0f694d) Importer(815301076,1909f56bfc062723c751e8b465ee728b)
Start importing Assets/Objects/Torch/torch illuminate.prefab using Guid(0f9dd25d98c1d42068553e716a0f694d) Importer(815301076,1909f56bfc062723c751e8b465ee728b)  -> (artifact id: 'eea5afc0a2bd4b5d114b9bff71b6b286') in 0.004266 seconds
  Import took 0.006254 seconds .

========================================================================
Received Import Request.
  Time since last request: 0.018532 seconds.
  path: Assets/Objects/Torch/torch illuminate.prefab
  artifactKey: Guid(0f9dd25d98c1d42068553e716a0f694d) Importer(815301076,1909f56bfc062723c751e8b465ee728b)
Start importing Assets/Objects/Torch/torch illuminate.prefab using Guid(0f9dd25d98c1d42068553e716a0f694d) Importer(815301076,1909f56bfc062723c751e8b465ee728b)  -> (artifact id: 'eea5afc0a2bd4b5d114b9bff71b6b286') in 0.003220 seconds
  Import took 0.004945 seconds .

========================================================================
Received Import Request.
  Time since last request: 172.948738 seconds.
  path: Assets/PreFabs
  artifactKey: Guid(385900d315c90449c9a00de1ec3ebd1e) Importer(815301076,1909f56bfc062723c751e8b465ee728b)
Start importing Assets/PreFabs using Guid(385900d315c90449c9a00de1ec3ebd1e) Importer(815301076,1909f56bfc062723c751e8b465ee728b)  -> (artifact id: '929bfc7cb2ea395e51eafaff78b81021') in 0.001315 seconds
  Import took 0.003170 seconds .

========================================================================
Received Import Request.
  Time since last request: 17.101596 seconds.
  path: Assets/PreFabs/Torch 1 Variant.prefab
  artifactKey: Guid(7eee0b27ee51a4587b8bd18cfd52540b) Importer(815301076,1909f56bfc062723c751e8b465ee728b)
Start importing Assets/PreFabs/Torch 1 Variant.prefab using Guid(7eee0b27ee51a4587b8bd18cfd52540b) Importer(815301076,1909f56bfc062723c751e8b465ee728b)  -> (artifact id: '9a5fa3a3073da368d0a5f887abaf1635') in 0.077446 seconds
  Import took 0.079868 seconds .

========================================================================
Received Import Request.
  Time since last request: 30.844079 seconds.
  path: Assets/PreFabs/Torch 1.prefab
  artifactKey: Guid(db5baa2cd24f44daba5d62c8fcea70d7) Importer(815301076,1909f56bfc062723c751e8b465ee728b)
Start importing Assets/PreFabs/Torch 1.prefab using Guid(db5baa2cd24f44daba5d62c8fcea70d7) Importer(815301076,1909f56bfc062723c751e8b465ee728b)  -> (artifact id: 'fd8b368c58d373fa3aca2bf62fb545c5') in 0.013835 seconds
  Import took 0.016113 seconds .

========================================================================
Received Import Request.
  Time since last request: 81.058805 seconds.
  path: Assets/PreFabs/Mushroom.prefab
  artifactKey: Guid(678a3155a8e924fb8ba78ffefcfa5c87) Importer(815301076,1909f56bfc062723c751e8b465ee728b)
Start importing Assets/PreFabs/Mushroom.prefab using Guid(678a3155a8e924fb8ba78ffefcfa5c87) Importer(815301076,1909f56bfc062723c751e8b465ee728b)  -> (artifact id: 'e01effe496b58492c4f3d8324af482cf') in 0.011482 seconds
  Import took 0.013698 seconds .

========================================================================
Received Import Request.
  Time since last request: 494.856573 seconds.
  path: Assets/SampleScenes/Prefabs/Box.prefab
  artifactKey: Guid(d29ba28bd5caaed429838de8bac7be72) Importer(815301076,1909f56bfc062723c751e8b465ee728b)
Start importing Assets/SampleScenes/Prefabs/Box.prefab using Guid(d29ba28bd5caaed429838de8bac7be72) Importer(815301076,1909f56bfc062723c751e8b465ee728b)  -> (artifact id: 'df29d5a5e4cb298c63f923203fb6d7c6') in 0.583342 seconds
  Import took 0.585450 seconds .

========================================================================
Received Import Request.
  Time since last request: 0.000201 seconds.
  path: Assets/SampleScenes/Prefabs/Wall.prefab
  artifactKey: Guid(fef5fcb209dce49409117a24775dfcb3) Importer(815301076,1909f56bfc062723c751e8b465ee728b)
Start importing Assets/SampleScenes/Prefabs/Wall.prefab using Guid(fef5fcb209dce49409117a24775dfcb3) Importer(815301076,1909f56bfc062723c751e8b465ee728b)  -> (artifact id: '6c599cb82712c0c3e71489abe9a9eea9') in 0.011623 seconds
  Import took 0.014065 seconds .

========================================================================
Received Import Request.
  Time since last request: 0.000176 seconds.
  path: Assets/SampleScenes/Prefabs/GoalPosts.prefab
  artifactKey: Guid(6df3f650b33fa604cb3f5923fa50d053) Importer(815301076,1909f56bfc062723c751e8b465ee728b)
Start importing Assets/SampleScenes/Prefabs/GoalPosts.prefab using Guid(6df3f650b33fa604cb3f5923fa50d053) Importer(815301076,1909f56bfc062723c751e8b465ee728b)  -> (artifact id: 'a7380a78f917b8e7a69366da64fae85d') in 0.009498 seconds
  Import took 0.011641 seconds .

========================================================================
Received Import Request.
  Time since last request: 0.000186 seconds.
  path: Assets/SampleScenes/Prefabs/GroundTrack.prefab
  artifactKey: Guid(f7afdcb1eabdee54790f55f84e3e4ac8) Importer(815301076,1909f56bfc062723c751e8b465ee728b)
Start importing Assets/SampleScenes/Prefabs/GroundTrack.prefab using Guid(f7afdcb1eabdee54790f55f84e3e4ac8) Importer(815301076,1909f56bfc062723c751e8b465ee728b)  -> (artifact id: '97bf5e76adf15579d977cf8c8cdb7274') in 0.223108 seconds
  Import took 0.225129 seconds .

========================================================================
Received Import Request.
  Time since last request: 0.000252 seconds.
  path: Assets/SampleScenes/Prefabs/Loop.prefab
  artifactKey: Guid(a2dd655bfef0f0849a2c33d8fb4a029c) Importer(815301076,1909f56bfc062723c751e8b465ee728b)
Start importing Assets/SampleScenes/Prefabs/Loop.prefab using Guid(a2dd655bfef0f0849a2c33d8fb4a029c) Importer(815301076,1909f56bfc062723c751e8b465ee728b)  -> (artifact id: 'da324f263f5b44bebdce1685c7b87e38') in 0.010311 seconds
  Import took 0.012833 seconds .

========================================================================
Received Import Request.
  Time since last request: 0.000157 seconds.
  path: Assets/SampleScenes/Prefabs/Pillar.prefab
  artifactKey: Guid(d23a205aa0ed1234ba0a327f1232ff7e) Importer(815301076,1909f56bfc062723c751e8b465ee728b)
Start importing Assets/SampleScenes/Prefabs/Pillar.prefab using Guid(d23a205aa0ed1234ba0a327f1232ff7e) Importer(815301076,1909f56bfc062723c751e8b465ee728b)  -> (artifact id: 'ceaadc22df0613b05552d920ec7bdcc7') in 0.008825 seconds
  Import took 0.010827 seconds .

========================================================================
Received Import Request.
  Time since last request: 0.000181 seconds.
  path: Assets/SampleScenes/Prefabs/SmashBoxes.prefab
  artifactKey: Guid(b592d2faa93e6ad46a6d520adf8f123e) Importer(815301076,1909f56bfc062723c751e8b465ee728b)
Start importing Assets/SampleScenes/Prefabs/SmashBoxes.prefab using Guid(b592d2faa93e6ad46a6d520adf8f123e) Importer(815301076,1909f56bfc062723c751e8b465ee728b)  -> (artifact id: '3faeeeb974cdb8c6a4db6848450e0498') in 0.009897 seconds
  Import took 0.011918 seconds .

========================================================================
Received Import Request.
  Time since last request: 0.000166 seconds.
  path: Assets/SampleScenes/Prefabs/CameraSwitchUI.prefab
  artifactKey: Guid(b3495d363d7ccba40bc3e92c1a184e28) Importer(815301076,1909f56bfc062723c751e8b465ee728b)
Start importing Assets/SampleScenes/Prefabs/CameraSwitchUI.prefab using Guid(b3495d363d7ccba40bc3e92c1a184e28) Importer(815301076,1909f56bfc062723c751e8b465ee728b)  -> (artifact id: '62e4751cc6d20da1bf1248233d2c1988') in 0.017671 seconds
  Import took 0.019535 seconds .

========================================================================
Received Import Request.
  Time since last request: 0.000186 seconds.
  path: Assets/SampleScenes/Prefabs/ResetterUI.prefab
  artifactKey: Guid(28e490010bed5ea47a8a69e81bdd0c1c) Importer(815301076,1909f56bfc062723c751e8b465ee728b)
Start importing Assets/SampleScenes/Prefabs/ResetterUI.prefab using Guid(28e490010bed5ea47a8a69e81bdd0c1c) Importer(815301076,1909f56bfc062723c751e8b465ee728b)  -> (artifact id: 'fd265b54c0167935f0c3310cc460d7f3') in 0.003126 seconds
  Import took 0.004826 seconds .

========================================================================
Received Import Request.
  Time since last request: 0.000218 seconds.
  path: Assets/SampleScenes/Prefabs/MobileShaderReplacements.prefab
  artifactKey: Guid(76d89ae3180ce424ba0da8fc43e02035) Importer(815301076,1909f56bfc062723c751e8b465ee728b)
Start importing Assets/SampleScenes/Prefabs/MobileShaderReplacements.prefab using Guid(76d89ae3180ce424ba0da8fc43e02035) Importer(815301076,1909f56bfc062723c751e8b465ee728b)  -> (artifact id: 'd596ccea81ba6899864f9edccf7e50d9') in 0.002693 seconds
  Import took 0.004266 seconds .

========================================================================
Received Import Request.
  Time since last request: 0.000160 seconds.
  path: Assets/SampleScenes/Prefabs/House.prefab
  artifactKey: Guid(cd3018213230a5c49a0e0f4609a10b9d) Importer(815301076,1909f56bfc062723c751e8b465ee728b)
Start importing Assets/SampleScenes/Prefabs/House.prefab using Guid(cd3018213230a5c49a0e0f4609a10b9d) Importer(815301076,1909f56bfc062723c751e8b465ee728b)  -> (artifact id: '1b01f289927e76655c61e888191eb049') in 0.010402 seconds
  Import took 0.012136 seconds .

========================================================================
Received Import Request.
  Time since last request: 0.000175 seconds.
  path: Assets/SampleScenes/Prefabs/LevelResetUI.prefab
  artifactKey: Guid(d2aaa8a2832d77144aa84d5d309ae2b3) Importer(815301076,1909f56bfc062723c751e8b465ee728b)
Start importing Assets/SampleScenes/Prefabs/LevelResetUI.prefab using Guid(d2aaa8a2832d77144aa84d5d309ae2b3) Importer(815301076,1909f56bfc062723c751e8b465ee728b)  -> (artifact id: 'bd1af41bbcbd5a35287ff38f983bd5d2') in 0.003859 seconds
  Import took 0.005497 seconds .

========================================================================
Received Import Request.
  Time since last request: 0.000155 seconds.
  path: Assets/SampleScenes/Prefabs/Ring.prefab
  artifactKey: Guid(e9aa4b7def958e54bad9089e96b5a063) Importer(815301076,1909f56bfc062723c751e8b465ee728b)
Start importing Assets/SampleScenes/Prefabs/Ring.prefab using Guid(e9aa4b7def958e54bad9089e96b5a063) Importer(815301076,1909f56bfc062723c751e8b465ee728b)  -> (artifact id: '5ad76f9c78191e6603f50527573d0aff') in 0.010894 seconds
  Import took 0.013076 seconds .

========================================================================
Received Import Request.
  Time since last request: 0.000220 seconds.
  path: Assets/SampleScenes/Prefabs/GroundArena.prefab
  artifactKey: Guid(2799e6cfaf283a84e883ca79ffce608e) Importer(815301076,1909f56bfc062723c751e8b465ee728b)
Start importing Assets/SampleScenes/Prefabs/GroundArena.prefab using Guid(2799e6cfaf283a84e883ca79ffce608e) Importer(815301076,1909f56bfc062723c751e8b465ee728b)  -> (artifact id: 'f92494f15ade10e1731fc77498ca58a3') in 0.016262 seconds
  Import took 0.018448 seconds .

========================================================================
Received Import Request.
  Time since last request: 0.000191 seconds.
  path: Assets/SampleScenes/Prefabs/BoxSmall.prefab
  artifactKey: Guid(75c27bf47f501a74fa5723911612c226) Importer(815301076,1909f56bfc062723c751e8b465ee728b)
Start importing Assets/SampleScenes/Prefabs/BoxSmall.prefab using Guid(75c27bf47f501a74fa5723911612c226) Importer(815301076,1909f56bfc062723c751e8b465ee728b)  -> (artifact id: '7a9f17e0cf73747d2f658fc82edb17e4') in 0.007161 seconds
  Import took 0.008886 seconds .

========================================================================
Received Import Request.
  Time since last request: 0.000175 seconds.
  path: Assets/SampleScenes/Prefabs/BoxPile.prefab
  artifactKey: Guid(ff3366103894bec429eeaa9b86b595e6) Importer(815301076,1909f56bfc062723c751e8b465ee728b)
Start importing Assets/SampleScenes/Prefabs/BoxPile.prefab using Guid(ff3366103894bec429eeaa9b86b595e6) Importer(815301076,1909f56bfc062723c751e8b465ee728b)  -> (artifact id: '6d08bac0c176f8b6ac8e0777e3bdbea2') in 0.007271 seconds
  Import took 0.009174 seconds .

========================================================================
Received Import Request.
  Time since last request: 0.000184 seconds.
  path: Assets/SampleScenes/Prefabs/GroundObstacles.prefab
  artifactKey: Guid(95bbe2885334e3c46b79c3419edb469c) Importer(815301076,1909f56bfc062723c751e8b465ee728b)
Start importing Assets/SampleScenes/Prefabs/GroundObstacles.prefab using Guid(95bbe2885334e3c46b79c3419edb469c) Importer(815301076,1909f56bfc062723c751e8b465ee728b)  -> (artifact id: '81e4ca2415a4418cc116986994d34a9e') in 0.016726 seconds
  Import took 0.020048 seconds .

========================================================================
Received Import Request.
  Time since last request: 0.000287 seconds.
  path: Assets/SampleScenes/Prefabs/CameraSwitch.prefab
  artifactKey: Guid(fdc378243b95c2144aa66bfc382d1b75) Importer(815301076,1909f56bfc062723c751e8b465ee728b)
Start importing Assets/SampleScenes/Prefabs/CameraSwitch.prefab using Guid(fdc378243b95c2144aa66bfc382d1b75) Importer(815301076,1909f56bfc062723c751e8b465ee728b)  -> (artifact id: '162ec994ccb098a675826aca3cdf905e') in 0.010499 seconds
  Import took 0.012679 seconds .

========================================================================
Received Import Request.
  Time since last request: 0.000249 seconds.
  path: Assets/SampleScenes/Prefabs/GroundRunway.prefab
  artifactKey: Guid(00690c0e075198740bd736a4731c7a90) Importer(815301076,1909f56bfc062723c751e8b465ee728b)
Start importing Assets/SampleScenes/Prefabs/GroundRunway.prefab using Guid(00690c0e075198740bd736a4731c7a90) Importer(815301076,1909f56bfc062723c751e8b465ee728b)  -> (artifact id: '017bcff5ad6d64ff07967ebf0061dbc4') in 0.017806 seconds
  Import took 0.020063 seconds .

========================================================================
Received Import Request.
  Time since last request: 0.000283 seconds.
  path: Assets/SampleScenes/Prefabs/Pickup.prefab
  artifactKey: Guid(2ed830309d1c9f640a65bf22d9060af1) Importer(815301076,1909f56bfc062723c751e8b465ee728b)
Start importing Assets/SampleScenes/Prefabs/Pickup.prefab using Guid(2ed830309d1c9f640a65bf22d9060af1) Importer(815301076,1909f56bfc062723c751e8b465ee728b)  -> (artifact id: 'ed30dd639a904a191876e97b2d57b237') in 0.010230 seconds
  Import took 0.012330 seconds .

========================================================================
Received Import Request.
  Time since last request: 0.000199 seconds.
  path: Assets/SampleScenes/Prefabs/Sea.prefab
  artifactKey: Guid(92718a1040bbb9a4ab571265d9087f2b) Importer(815301076,1909f56bfc062723c751e8b465ee728b)
Start importing Assets/SampleScenes/Prefabs/Sea.prefab using Guid(92718a1040bbb9a4ab571265d9087f2b) Importer(815301076,1909f56bfc062723c751e8b465ee728b)  -> (artifact id: 'def2f5cb2ea8871e23f44aa67149bc09') in 0.003198 seconds
  Import took 0.005017 seconds .

========================================================================
Received Import Request.
  Time since last request: 7.694065 seconds.
  path: Assets/SampleScenes/Menu/Prefabs
  artifactKey: Guid(6885cbce09c6042ca97c42a227ef1b63) Importer(815301076,1909f56bfc062723c751e8b465ee728b)
Start importing Assets/SampleScenes/Menu/Prefabs using Guid(6885cbce09c6042ca97c42a227ef1b63) Importer(815301076,1909f56bfc062723c751e8b465ee728b)  -> (artifact id: 'bac2eeb391b50b9057fe99e732db1c64') in 0.001028 seconds
  Import took 0.003256 seconds .

========================================================================
Received Import Request.
  Time since last request: 18.305305 seconds.
  path: Assets/Standard Assets/PhysicsMaterials/Bouncy.physicmaterial
  artifactKey: Guid(9f93f63d068b08c459038c40fce897d8) Importer(815301076,1909f56bfc062723c751e8b465ee728b)
Start importing Assets/Standard Assets/PhysicsMaterials/Bouncy.physicmaterial using Guid(9f93f63d068b08c459038c40fce897d8) Importer(815301076,1909f56bfc062723c751e8b465ee728b)  -> (artifact id: '210c5b4b05864f51da918333bcb3acfc') in 0.328978 seconds
  Import took 0.331452 seconds .

========================================================================
Received Import Request.
  Time since last request: 0.000242 seconds.
  path: Assets/Standard Assets/PhysicsMaterials/Ice.physicmaterial
  artifactKey: Guid(ba92fb44336020f40bdf294bb66bc9da) Importer(815301076,1909f56bfc062723c751e8b465ee728b)
Start importing Assets/Standard Assets/PhysicsMaterials/Ice.physicmaterial using Guid(ba92fb44336020f40bdf294bb66bc9da) Importer(815301076,1909f56bfc062723c751e8b465ee728b)  -> (artifact id: '212f28a9cf8a2130303befcbcbdba2bc') in 0.002028 seconds
  Import took 0.003621 seconds .

========================================================================
Received Import Request.
  Time since last request: 0.000167 seconds.
  path: Assets/Standard Assets/PhysicsMaterials/Rubber.physicmaterial
  artifactKey: Guid(52baaeb214519f347a35cf0edfd262ff) Importer(815301076,1909f56bfc062723c751e8b465ee728b)
Start importing Assets/Standard Assets/PhysicsMaterials/Rubber.physicmaterial using Guid(52baaeb214519f347a35cf0edfd262ff) Importer(815301076,1909f56bfc062723c751e8b465ee728b)  -> (artifact id: 'd315e35ba876644c531fe7e4c119d5b0') in 0.001766 seconds
  Import took 0.003520 seconds .

========================================================================
Received Import Request.
  Time since last request: 0.000163 seconds.
  path: Assets/Standard Assets/PhysicsMaterials/Wood.physicmaterial
  artifactKey: Guid(3aeb7dadc0c69d54d9e5777e9d5631f1) Importer(815301076,1909f56bfc062723c751e8b465ee728b)
Start importing Assets/Standard Assets/PhysicsMaterials/Wood.physicmaterial using Guid(3aeb7dadc0c69d54d9e5777e9d5631f1) Importer(815301076,1909f56bfc062723c751e8b465ee728b)  -> (artifact id: '076e6a1c0b13e9985227ceafbddfb28a') in 0.002378 seconds
  Import took 0.003903 seconds .

========================================================================
Received Import Request.
  Time since last request: 0.000168 seconds.
  path: Assets/Standard Assets/PhysicsMaterials/ZeroFriction.physicMaterial
  artifactKey: Guid(c2815a7ab32e42c4bb42f59caacb8ec1) Importer(815301076,1909f56bfc062723c751e8b465ee728b)
Start importing Assets/Standard Assets/PhysicsMaterials/ZeroFriction.physicMaterial using Guid(c2815a7ab32e42c4bb42f59caacb8ec1) Importer(815301076,1909f56bfc062723c751e8b465ee728b)  -> (artifact id: '8a008d78956297f8913253dfe5a21afd') in 0.166136 seconds
  Import took 0.167976 seconds .

========================================================================
Received Import Request.
  Time since last request: 0.000194 seconds.
  path: Assets/Standard Assets/PhysicsMaterials/MaxFriction.physicMaterial
  artifactKey: Guid(e52fb17f9b1e7fd48b8955f1391d3688) Importer(815301076,1909f56bfc062723c751e8b465ee728b)
Start importing Assets/Standard Assets/PhysicsMaterials/MaxFriction.physicMaterial using Guid(e52fb17f9b1e7fd48b8955f1391d3688) Importer(815301076,1909f56bfc062723c751e8b465ee728b)  -> (artifact id: '73bb12fb0bac6511155c0e739338d185') in 0.001947 seconds
  Import took 0.003566 seconds .

========================================================================
Received Import Request.
  Time since last request: 0.000199 seconds.
  path: Assets/Standard Assets/PhysicsMaterials/Metal.physicmaterial
  artifactKey: Guid(01571ba68fb2dad46aa03094ab219579) Importer(815301076,1909f56bfc062723c751e8b465ee728b)
Start importing Assets/Standard Assets/PhysicsMaterials/Metal.physicmaterial using Guid(01571ba68fb2dad46aa03094ab219579) Importer(815301076,1909f56bfc062723c751e8b465ee728b)  -> (artifact id: 'eba5ec30132ff5393379ec3975ede711') in 0.001717 seconds
  Import took 0.003202 seconds .

========================================================================
Received Import Request.
  Time since last request: 128.437595 seconds.
  path: Assets/Objects/Door
  artifactKey: Guid(acba5c41d016b4acc9d09ead756719c6) Importer(815301076,1909f56bfc062723c751e8b465ee728b)
Start importing Assets/Objects/Door using Guid(acba5c41d016b4acc9d09ead756719c6) Importer(815301076,1909f56bfc062723c751e8b465ee728b)  -> (artifact id: 'eeebf55d28f0e6f462142911a9af5e4c') in 0.001003 seconds
  Import took 0.003324 seconds .

========================================================================
Received Import Request.
  Time since last request: 3.182966 seconds.
  path: Assets/Objects/Door/Door.fbx
  artifactKey: Guid(dcffe78a683c64ffeba97cc75e151269) Importer(815301076,1909f56bfc062723c751e8b465ee728b)
Start importing Assets/Objects/Door/Door.fbx using Guid(dcffe78a683c64ffeba97cc75e151269) Importer(815301076,1909f56bfc062723c751e8b465ee728b)  -> (artifact id: 'f4364a35900de7c66ea7a57b43e4fa32') in 0.237026 seconds
  Import took 0.239824 seconds .

========================================================================
Received Import Request.
  Time since last request: 0.000261 seconds.
  path: Assets/Objects/Door/Door.jpg
  artifactKey: Guid(00afe257831a2453bb5eac64d15b24c7) Importer(815301076,1909f56bfc062723c751e8b465ee728b)
Start importing Assets/Objects/Door/Door.jpg using Guid(00afe257831a2453bb5eac64d15b24c7) Importer(815301076,1909f56bfc062723c751e8b465ee728b)  -> (artifact id: 'dc519ca41fe6d41846c4303b35e1ab8b') in 1.038954 seconds
  Import took 1.041093 seconds .

========================================================================
Received Import Request.
  Time since last request: 0.000203 seconds.
  path: Assets/Objects/Door/DoorFrame.jpg
  artifactKey: Guid(ef5f1d4b629be4b3e98730e7c3e6b644) Importer(815301076,1909f56bfc062723c751e8b465ee728b)
Start importing Assets/Objects/Door/DoorFrame.jpg using Guid(ef5f1d4b629be4b3e98730e7c3e6b644) Importer(815301076,1909f56bfc062723c751e8b465ee728b)  -> (artifact id: 'a6662f132eed01c403aeae08d9514687') in 0.010090 seconds
  Import took 0.012180 seconds .

========================================================================
Received Import Request.
  Time since last request: 91.723002 seconds.
  path: Assets/Objects/Door/Materials
  artifactKey: Guid(f68386f9de84b4b4b9d2fbe7037230e3) Importer(815301076,1909f56bfc062723c751e8b465ee728b)
Start importing Assets/Objects/Door/Materials using Guid(f68386f9de84b4b4b9d2fbe7037230e3) Importer(815301076,1909f56bfc062723c751e8b465ee728b)  -> (artifact id: '5fb2ee6199cb78e39988429de142f84e') in 0.001046 seconds
  Import took 0.003097 seconds .

========================================================================
Received Import Request.
  Time since last request: 0.365817 seconds.
  path: Assets/Objects/Door/Materials/Door.mat
  artifactKey: Guid(9e60d1a67d3174f789ecac217f778bd2) Importer(815301076,1909f56bfc062723c751e8b465ee728b)
Start importing Assets/Objects/Door/Materials/Door.mat using Guid(9e60d1a67d3174f789ecac217f778bd2) Importer(815301076,1909f56bfc062723c751e8b465ee728b)  -> (artifact id: 'f5ba056e052351c77f5abd0544a04fcb') in 0.452367 seconds
  Import took 0.454647 seconds .

========================================================================
Received Import Request.
  Time since last request: 0.000199 seconds.
  path: Assets/Objects/Door/Materials/DoorFrame.mat
  artifactKey: Guid(7e461b1a22965497d90be9858a8e6597) Importer(815301076,1909f56bfc062723c751e8b465ee728b)
Start importing Assets/Objects/Door/Materials/DoorFrame.mat using Guid(7e461b1a22965497d90be9858a8e6597) Importer(815301076,1909f56bfc062723c751e8b465ee728b)  -> (artifact id: 'fcc244a71c37e010b63906d167fc3937') in 0.015011 seconds
  Import took 0.017338 seconds .

========================================================================
Received Import Request.
  Time since last request: 465.974312 seconds.
  path: Assets/Standard Assets/Environment/Water (Basic)/Models/WaterBasicPlane.fbx
  artifactKey: Guid(ce8d79c79d11b8f9d00076e98d76c639) Importer(815301076,1909f56bfc062723c751e8b465ee728b)
Start importing Assets/Standard Assets/Environment/Water (Basic)/Models/WaterBasicPlane.fbx using Guid(ce8d79c79d11b8f9d00076e98d76c639) Importer(815301076,1909f56bfc062723c751e8b465ee728b)  -> (artifact id: '95be3e37686d6f2be126b96849797348') in 0.013162 seconds
  Import took 0.015307 seconds .

========================================================================
Received Import Request.
  Time since last request: 0.000223 seconds.
  path: Assets/Standard Assets/Environment/Water/Water/Models/WaterPlane.fbx
  artifactKey: Guid(ba6a41dc489914734857bb5924eb70ad) Importer(815301076,1909f56bfc062723c751e8b465ee728b)
Start importing Assets/Standard Assets/Environment/Water/Water/Models/WaterPlane.fbx using Guid(ba6a41dc489914734857bb5924eb70ad) Importer(815301076,1909f56bfc062723c751e8b465ee728b)  -> (artifact id: '4f10c6c156a9c931703ad1960dfbe784') in 0.012865 seconds
  Import took 0.014828 seconds .

========================================================================
Received Prepare
Registering precompiled user dll's ...
Registered in 0.000997 seconds.
Begin MonoManager ReloadAssembly
Native extension for OSXStandalone target not found
Refreshing native plugins compatible for Editor in 0.25 ms, found 1 plugins.
Preloading 0 native plugins for Editor in 0.00 ms.
Invoked RoslynAnalysisRunner static constructor.
RoslynAnalysisRunner will not be running.
RoslynAnalysisRunner has terminated.
Mono: successfully reloaded assembly
- Completed reload, in  0.881 seconds
Platform modules already initialized, skipping
Refreshing native plugins compatible for Editor in 0.27 ms, found 1 plugins.
Preloading 0 native plugins for Editor in 0.00 ms.
Unloading 1205 Unused Serialized files (Serialized files now loaded: 0)
System memory in use before: 165.5 MB.
System memory in use after: 165.1 MB.

Unloading 7 unused Assets to reduce memory usage. Loaded Objects now: 1736.
Total: 2.114647 ms (FindLiveObjects: 0.223015 ms CreateObjectMapping: 0.056389 ms MarkObjects: 1.336816 ms  DeleteObjects: 0.497252 ms)

========================================================================
Received Import Request.
  Time since last request: 487.957697 seconds.
  path: Assets/FirstDoorOpenAnim.anim
  artifactKey: Guid(69aca287e980842f4b7fca68b082b2e5) Importer(815301076,1909f56bfc062723c751e8b465ee728b)
Start importing Assets/FirstDoorOpenAnim.anim using Guid(69aca287e980842f4b7fca68b082b2e5) Importer(815301076,1909f56bfc062723c751e8b465ee728b)  -> (artifact id: 'caea9c992547b3b74ac23d98d776cca2') in 0.190431 seconds
  Import took 0.192525 seconds .

========================================================================
Received Prepare
Registering precompiled user dll's ...
Registered in 0.001078 seconds.
Begin MonoManager ReloadAssembly
Native extension for OSXStandalone target not found
Refreshing native plugins compatible for Editor in 0.26 ms, found 1 plugins.
Preloading 0 native plugins for Editor in 0.00 ms.
Invoked RoslynAnalysisRunner static constructor.
RoslynAnalysisRunner will not be running.
RoslynAnalysisRunner has terminated.
Mono: successfully reloaded assembly
- Completed reload, in  0.829 seconds
Platform modules already initialized, skipping
Refreshing native plugins compatible for Editor in 0.28 ms, found 1 plugins.
Preloading 0 native plugins for Editor in 0.00 ms.
Unloading 1205 Unused Serialized files (Serialized files now loaded: 0)
System memory in use before: 170.0 MB.
System memory in use after: 169.6 MB.

Unloading 6 unused Assets to reduce memory usage. Loaded Objects now: 1738.
Total: 2.121338 ms (FindLiveObjects: 0.155759 ms CreateObjectMapping: 0.040088 ms MarkObjects: 1.390643 ms  DeleteObjects: 0.534004 ms)

========================================================================
Received Import Request.
  Time since last request: 144.333319 seconds.
  path: Assets/Door.controller
  artifactKey: Guid(9570be6558649454c8d6d073d8eecb71) Importer(815301076,1909f56bfc062723c751e8b465ee728b)
Start importing Assets/Door.controller using Guid(9570be6558649454c8d6d073d8eecb71) Importer(815301076,1909f56bfc062723c751e8b465ee728b)  -> (artifact id: '1aff9847a76939a70f6e429be94e9c4a') in 0.182987 seconds
  Import took 0.185794 seconds .

========================================================================
Received Prepare
Registering precompiled user dll's ...
Registered in 0.001029 seconds.
Begin MonoManager ReloadAssembly
Native extension for OSXStandalone target not found
Refreshing native plugins compatible for Editor in 0.63 ms, found 1 plugins.
Preloading 0 native plugins for Editor in 0.00 ms.
Invoked RoslynAnalysisRunner static constructor.
RoslynAnalysisRunner will not be running.
RoslynAnalysisRunner has terminated.
Mono: successfully reloaded assembly
- Completed reload, in  0.875 seconds
Platform modules already initialized, skipping
Refreshing native plugins compatible for Editor in 0.27 ms, found 1 plugins.
Preloading 0 native plugins for Editor in 0.00 ms.
Unloading 1205 Unused Serialized files (Serialized files now loaded: 0)
System memory in use before: 174.5 MB.
System memory in use after: 174.1 MB.

Unloading 6 unused Assets to reduce memory usage. Loaded Objects now: 1740.
Total: 2.740139 ms (FindLiveObjects: 0.183736 ms CreateObjectMapping: 0.049624 ms MarkObjects: 1.664225 ms  DeleteObjects: 0.841373 ms)

========================================================================
Received Prepare
Registering precompiled user dll's ...
Registered in 0.000537 seconds.
Begin MonoManager ReloadAssembly
Native extension for OSXStandalone target not found
Refreshing native plugins compatible for Editor in 0.72 ms, found 1 plugins.
Preloading 0 native plugins for Editor in 0.00 ms.
Invoked RoslynAnalysisRunner static constructor.
RoslynAnalysisRunner will not be running.
RoslynAnalysisRunner has terminated.
Mono: successfully reloaded assembly
- Completed reload, in  0.831 seconds
Platform modules already initialized, skipping
Refreshing native plugins compatible for Editor in 0.28 ms, found 1 plugins.
Preloading 0 native plugins for Editor in 0.00 ms.
Unloading 1205 Unused Serialized files (Serialized files now loaded: 0)
System memory in use before: 174.8 MB.
System memory in use after: 174.4 MB.

Unloading 6 unused Assets to reduce memory usage. Loaded Objects now: 1742.
Total: 2.172440 ms (FindLiveObjects: 0.174527 ms CreateObjectMapping: 0.044917 ms MarkObjects: 1.380088 ms  DeleteObjects: 0.571782 ms)

========================================================================
Received Prepare
Registering precompiled user dll's ...
Registered in 0.000455 seconds.
Begin MonoManager ReloadAssembly
Native extension for OSXStandalone target not found
Refreshing native plugins compatible for Editor in 0.69 ms, found 1 plugins.
Preloading 0 native plugins for Editor in 0.00 ms.
Invoked RoslynAnalysisRunner static constructor.
RoslynAnalysisRunner will not be running.
RoslynAnalysisRunner has terminated.
Mono: successfully reloaded assembly
- Completed reload, in  0.901 seconds
Platform modules already initialized, skipping
Refreshing native plugins compatible for Editor in 0.28 ms, found 1 plugins.
Preloading 0 native plugins for Editor in 0.00 ms.
Unloading 1205 Unused Serialized files (Serialized files now loaded: 0)
System memory in use before: 175.0 MB.
System memory in use after: 174.7 MB.

Unloading 6 unused Assets to reduce memory usage. Loaded Objects now: 1744.
Total: 2.021686 ms (FindLiveObjects: 0.186964 ms CreateObjectMapping: 0.084242 ms MarkObjects: 1.283357 ms  DeleteObjects: 0.466226 ms)

========================================================================
Received Import Request.
  Time since last request: 1407.482474 seconds.
  path: Assets/Animations/torch_anim_1.anim
  artifactKey: Guid(746a529f522e7434ab8bc29c2d55be87) Importer(815301076,1909f56bfc062723c751e8b465ee728b)
Start importing Assets/Animations/torch_anim_1.anim using Guid(746a529f522e7434ab8bc29c2d55be87) Importer(815301076,1909f56bfc062723c751e8b465ee728b)  -> (artifact id: 'c76192d77c33de298820e6409adc19c9') in 0.013044 seconds
  Import took 0.015420 seconds .

========================================================================
Received Import Request.
  Time since last request: 1.387307 seconds.
  path: Assets/Animations/FirstDoorOpenAnim.anim
  artifactKey: Guid(69aca287e980842f4b7fca68b082b2e5) Importer(815301076,1909f56bfc062723c751e8b465ee728b)
Start importing Assets/Animations/FirstDoorOpenAnim.anim using Guid(69aca287e980842f4b7fca68b082b2e5) Importer(815301076,1909f56bfc062723c751e8b465ee728b)  -> (artifact id: '69d3bfff979fc1925d66a66d96b57733') in 0.004229 seconds
  Import took 0.006509 seconds .

