Using pre-set license
Built from '2020.2/release' branch; Version is '2020.2.2f1 (068178b99f32) revision 426360'; Using compiler version '192528614'; Build Type 'Release'
OS: 'Windows 10 Home; OS build 19041.804; Version 2004; 64bit' Language: 'en' Physical Memory: 8082 MB
BatchMode: 1, IsHumanControllingUs: 0, StartBugReporterOnCrash: 0, Is64bit: 1, IsPro: 0

 COMMAND LINE ARGUMENTS:
C:\Program Files\Unity\Hub\Editor\2020.2.2f1\Editor\Unity.exe
-adb2
-batchMode
-noUpm
-name
AssetImportWorker0
-projectPath
C:/Users/Jacob/Downloads/CS340/Horror Game
-logFile
Logs/AssetImportWorker0.log
-srvPort
50781
Successfully changed project path to: C:/Users/Jacob/Downloads/CS340/Horror Game
C:/Users/Jacob/Downloads/CS340/Horror Game
Using Asset Import Pipeline V2.
Refreshing native plugins compatible for Editor in 51.60 ms, found 0 plugins.
Preloading 0 native plugins for Editor in 0.00 ms.
Initialize engine version: 2020.2.2f1 (068178b99f32)
[Subsystems] Discovering subsystems at path C:/Program Files/Unity/Hub/Editor/2020.2.2f1/Editor/Data/Resources/UnitySubsystems
[Subsystems] Discovering subsystems at path C:/Users/Jacob/Downloads/CS340/Horror Game/Assets
GfxDevice: creating device client; threaded=0
Direct3D:
    Version:  Direct3D 11.0 [level 11.1]
    Renderer: Intel(R) HD Graphics 520 (ID=0x1916)
    Vendor:   
    VRAM:     4041 MB
    Driver:   25.20.100.6518
Initialize mono
Mono path[0] = 'C:/Program Files/Unity/Hub/Editor/2020.2.2f1/Editor/Data/Managed'
Mono path[1] = 'C:/Program Files/Unity/Hub/Editor/2020.2.2f1/Editor/Data/MonoBleedingEdge/lib/mono/unityjit'
Mono config path = 'C:/Program Files/Unity/Hub/Editor/2020.2.2f1/Editor/Data/MonoBleedingEdge/etc'
Using monoOptions --debugger-agent=transport=dt_socket,embedding=1,server=y,suspend=n,address=127.0.0.1:56748
Begin MonoManager ReloadAssembly
Registering precompiled unity dll's ...
Register platform support module: C:/Program Files/Unity/Hub/Editor/2020.2.2f1/Editor/Data/PlaybackEngines/WebGLSupport/UnityEditor.WebGL.Extensions.dll
Register platform support module: C:/Program Files/Unity/Hub/Editor/2020.2.2f1/Editor/Data/PlaybackEngines/MacStandaloneSupport/UnityEditor.OSXStandalone.Extensions.dll
Register platform support module: C:/Program Files/Unity/Hub/Editor/2020.2.2f1/Editor/Data/PlaybackEngines/WindowsStandaloneSupport/UnityEditor.WindowsStandalone.Extensions.dll
Register platform support module: C:/Program Files/Unity/Hub/Editor/2020.2.2f1/Editor/Data/PlaybackEngines/LinuxStandaloneSupport/UnityEditor.LinuxStandalone.Extensions.dll
Register platform support module: C:/Program Files/Unity/Hub/Editor/2020.2.2f1/Editor/Data/PlaybackEngines/LuminSupport/UnityEditor.Lumin.Extensions.dll
Registered in 0.007998 seconds.
Native extension for Lumin target not found
Native extension for LinuxStandalone target not found
Native extension for WindowsStandalone target not found
Native extension for OSXStandalone target not found
Native extension for WebGL target not found
Refreshing native plugins compatible for Editor in 55.36 ms, found 0 plugins.
Preloading 0 native plugins for Editor in 0.00 ms.
Invoked RoslynAnalysisRunner static constructor.
RoslynAnalysisRunner will not be running.
RoslynAnalysisRunner has terminated.
Mono: successfully reloaded assembly
- Completed reload, in  4.100 seconds
Platform modules already initialized, skipping
Registering precompiled user dll's ...
Registered in 0.001643 seconds.
Begin MonoManager ReloadAssembly
Native extension for Lumin target not found
Native extension for LinuxStandalone target not found
Native extension for WindowsStandalone target not found
Native extension for OSXStandalone target not found
Native extension for WebGL target not found
Refreshing native plugins compatible for Editor in 0.34 ms, found 0 plugins.
Preloading 0 native plugins for Editor in 0.00 ms.
Invoked RoslynAnalysisRunner static constructor.
RoslynAnalysisRunner will not be running.
RoslynAnalysisRunner has terminated.
Mono: successfully reloaded assembly
- Completed reload, in  1.354 seconds
Platform modules already initialized, skipping
========================================================================
Worker process is ready to serve import requests
Launched and connected shader compiler UnityShaderCompiler.exe after 0.10 seconds
Refreshing native plugins compatible for Editor in 0.33 ms, found 0 plugins.
Preloading 0 native plugins for Editor in 0.00 ms.
Unloading 1235 Unused Serialized files (Serialized files now loaded: 0)
System memory in use before: 69.2 MB.
System memory in use after: 69.0 MB.

Unloading 11 unused Assets to reduce memory usage. Loaded Objects now: 1685.
Total: 4.024800 ms (FindLiveObjects: 0.284800 ms CreateObjectMapping: 0.109100 ms MarkObjects: 3.008200 ms  DeleteObjects: 0.619800 ms)

========================================================================
Received Import Request.
  path: Assets/Objects/Torch/torch flame.prefab
  artifactKey: Guid(79d989d5048314f0c8d176cb1e570e43) Importer(815301076,1909f56bfc062723c751e8b465ee728b)
Start importing Assets/Objects/Torch/torch flame.prefab using Guid(79d989d5048314f0c8d176cb1e570e43) Importer(815301076,1909f56bfc062723c751e8b465ee728b)  -> (artifact id: '535f00dbe3a86e779778908a69e4ad4f') in 0.088918 seconds
  Import took 0.092796 seconds .

========================================================================
Received Import Request.
  Time since last request: 0.000336 seconds.
  path: Assets/Objects/Torch/Torch 1.prefab
  artifactKey: Guid(7724394ba8fb1194f90cba8d3233f913) Importer(815301076,1909f56bfc062723c751e8b465ee728b)
Start importing Assets/Objects/Torch/Torch 1.prefab using Guid(7724394ba8fb1194f90cba8d3233f913) Importer(815301076,1909f56bfc062723c751e8b465ee728b)  -> (artifact id: 'f2d2bc0523f73a8691d080237c25f7f9') in 0.259666 seconds
  Import took 0.263865 seconds .

========================================================================
Received Import Request.
  Time since last request: 0.000472 seconds.
  path: Assets/Objects/Torch/torch illuminate.prefab
  artifactKey: Guid(0f9dd25d98c1d42068553e716a0f694d) Importer(815301076,1909f56bfc062723c751e8b465ee728b)
Start importing Assets/Objects/Torch/torch illuminate.prefab using Guid(0f9dd25d98c1d42068553e716a0f694d) Importer(815301076,1909f56bfc062723c751e8b465ee728b)  -> (artifact id: '7fd74c71374fa0062c14de1df1df18c9') in 0.022441 seconds
  Import took 0.028460 seconds .

========================================================================
Received Import Request.
  Time since last request: 0.000169 seconds.
  path: Assets/Objects/Torch/Materials
  artifactKey: Guid(6fdb8e082e44f1a4485862b75816ba0e) Importer(815301076,1909f56bfc062723c751e8b465ee728b)
Start importing Assets/Objects/Torch/Materials using Guid(6fdb8e082e44f1a4485862b75816ba0e) Importer(815301076,1909f56bfc062723c751e8b465ee728b)  -> (artifact id: 'ed3939dc9f95729c266841e88ef5b97d') in 0.013769 seconds
  Import took 0.020910 seconds .

========================================================================
Received Import Request.
  Time since last request: 0.101726 seconds.
  path: Assets/Objects/Torch/Materials/Metal_A.mat
  artifactKey: Guid(02c07345313cb814eb6dcd63462e338a) Importer(815301076,1909f56bfc062723c751e8b465ee728b)
Start importing Assets/Objects/Torch/Materials/Metal_A.mat using Guid(02c07345313cb814eb6dcd63462e338a) Importer(815301076,1909f56bfc062723c751e8b465ee728b)  -> (artifact id: '18473c5e57d139b3d9e9060f20b4ada2') in 0.119753 seconds
  Import took 0.123299 seconds .

========================================================================
Received Import Request.
  Time since last request: 1.557646 seconds.
  path: Assets/Objects/Torch/Meshes/Props.fbx
  artifactKey: Guid(fd75e63c14c4540438372a6844af68b6) Importer(815301076,1909f56bfc062723c751e8b465ee728b)
Start importing Assets/Objects/Torch/Meshes/Props.fbx using Guid(fd75e63c14c4540438372a6844af68b6) Importer(815301076,1909f56bfc062723c751e8b465ee728b)  -> (artifact id: 'bce55ca73a0c3db6713eb57c5680c03f') in 1.860792 seconds
  Import took 1.868158 seconds .

========================================================================
Received Import Request.
  Time since last request: 0.297441 seconds.
  path: Assets/Objects/Torch/Meshes/Materials/M_Black.mat
  artifactKey: Guid(1269acec515114d128b3cf09b1ea6b06) Importer(815301076,1909f56bfc062723c751e8b465ee728b)
Start importing Assets/Objects/Torch/Meshes/Materials/M_Black.mat using Guid(1269acec515114d128b3cf09b1ea6b06) Importer(815301076,1909f56bfc062723c751e8b465ee728b)  -> (artifact id: '7835affdbb93a6b7b7d082a6bbd67933') in 0.039435 seconds
  Import took 0.043673 seconds .

========================================================================
Received Import Request.
  Time since last request: 0.000309 seconds.
  path: Assets/Objects/Torch/Meshes/Materials/Wood_A.mat
  artifactKey: Guid(1a6f559fc1b8644d08a242e2a148ed91) Importer(815301076,1909f56bfc062723c751e8b465ee728b)
Start importing Assets/Objects/Torch/Meshes/Materials/Wood_A.mat using Guid(1a6f559fc1b8644d08a242e2a148ed91) Importer(815301076,1909f56bfc062723c751e8b465ee728b)  -> (artifact id: 'f0c10a7a913d1d728f58b1e2670baab1') in 0.034300 seconds
  Import took 0.043017 seconds .

========================================================================
Received Import Request.
  Time since last request: 0.000346 seconds.
  path: Assets/Objects/Torch/Meshes/Materials/Metal_B.mat
  artifactKey: Guid(b19f0c7fa193d453faffc1b1684f9387) Importer(815301076,1909f56bfc062723c751e8b465ee728b)
Start importing Assets/Objects/Torch/Meshes/Materials/Metal_B.mat using Guid(b19f0c7fa193d453faffc1b1684f9387) Importer(815301076,1909f56bfc062723c751e8b465ee728b)  -> (artifact id: 'da5255b37a652395f946f1617da311c5') in 0.029411 seconds
  Import took 0.034281 seconds .

========================================================================
Received Import Request.
  Time since last request: 0.000128 seconds.
  path: Assets/Objects/Torch/Meshes/Materials/Stone_A.mat
  artifactKey: Guid(a4394f7aa8b7f4260b4f8ddcfbd131a5) Importer(815301076,1909f56bfc062723c751e8b465ee728b)
Start importing Assets/Objects/Torch/Meshes/Materials/Stone_A.mat using Guid(a4394f7aa8b7f4260b4f8ddcfbd131a5) Importer(815301076,1909f56bfc062723c751e8b465ee728b)  -> (artifact id: '66d2377e17c343eab9d13f1bf555e339') in 0.030268 seconds
  Import took 0.034216 seconds .

========================================================================
Received Import Request.
  Time since last request: 0.000333 seconds.
  path: Assets/Objects/Torch/Meshes/Materials/Wood_C.mat
  artifactKey: Guid(582263d4a57c54af3b7348c7ec33f9c9) Importer(815301076,1909f56bfc062723c751e8b465ee728b)
Start importing Assets/Objects/Torch/Meshes/Materials/Wood_C.mat using Guid(582263d4a57c54af3b7348c7ec33f9c9) Importer(815301076,1909f56bfc062723c751e8b465ee728b)  -> (artifact id: 'd0dd1190b87f5412162f0e7be46c7507') in 0.029235 seconds
  Import took 0.033012 seconds .

========================================================================
Received Import Request.
  Time since last request: 0.000314 seconds.
  path: Assets/Objects/Torch/Meshes/Materials/Wax_A.mat
  artifactKey: Guid(500ea2b8104304d5b9bba951005ca39d) Importer(815301076,1909f56bfc062723c751e8b465ee728b)
Start importing Assets/Objects/Torch/Meshes/Materials/Wax_A.mat using Guid(500ea2b8104304d5b9bba951005ca39d) Importer(815301076,1909f56bfc062723c751e8b465ee728b)  -> (artifact id: 'd88049e20390247c0b285d370828aa76') in 0.027614 seconds
  Import took 0.031656 seconds .

========================================================================
Received Import Request.
  Time since last request: 0.000411 seconds.
  path: Assets/Objects/Torch/Meshes/Materials/Wood_B.mat
  artifactKey: Guid(44feb9f73fa2444feb46e186562258a2) Importer(815301076,1909f56bfc062723c751e8b465ee728b)
Start importing Assets/Objects/Torch/Meshes/Materials/Wood_B.mat using Guid(44feb9f73fa2444feb46e186562258a2) Importer(815301076,1909f56bfc062723c751e8b465ee728b)  -> (artifact id: '6c6e53e3347e4146b78b5b8ddadd8bd0') in 0.034084 seconds
  Import took 0.038585 seconds .

========================================================================
Received Prepare
Refreshing native plugins compatible for Editor in 1.89 ms, found 0 plugins.
Preloading 0 native plugins for Editor in 0.00 ms.
Unloading 4 Unused Serialized files (Serialized files now loaded: 0)
System memory in use before: 48.2 MB.
System memory in use after: 47.9 MB.

Unloading 4 unused Assets to reduce memory usage. Loaded Objects now: 1729.
Total: 5.086400 ms (FindLiveObjects: 0.267600 ms CreateObjectMapping: 0.090100 ms MarkObjects: 4.122500 ms  DeleteObjects: 0.603800 ms)

AssetImportWorkerClient::OnTransportError - code=2 error=End of file
