Using pre-set license

 COMMAND LINE ARGUMENTS:
/Applications/Unity/Hub/Editor/2020.2.2f1/Unity.app/Contents/MacOS/Unity
-adb2
-batchMode
-noUpm
-name
AssetImportWorker17
-projectPath
/Volumes/Music Disk/Unity/Horror Game
-logFile
Logs/AssetImportWorker17.log
-srvPort
54676
Successfully changed project path to: /Volumes/Music Disk/Unity/Horror Game
/Volumes/Music Disk/Unity/Horror Game
Using Asset Import Pipeline V2.
Refreshing native plugins compatible for Editor in 160.33 ms, found 1 plugins.
Preloading 0 native plugins for Editor in 0.00 ms.
Initialize engine version: 2020.2.2f1 (068178b99f32)
[Subsystems] Discovering subsystems at path /Applications/Unity/Hub/Editor/2020.2.2f1/Unity.app/Contents/Resources/UnitySubsystems
[Subsystems] Discovering subsystems at path /Volumes/Music Disk/Unity/Horror Game/Assets
GfxDevice: creating device client; threaded=0
2021-02-09 15:09:54.472 Unity[92663:11096111] LG 32 FHD preferred device: Intel(R) Iris(TM) Graphics 6000 (low power)
2021-02-09 15:09:54.472 Unity[92663:11096111] Metal devices available: 1
2021-02-09 15:09:54.472 Unity[92663:11096111] 0: Intel(R) Iris(TM) Graphics 6000 (low power)
2021-02-09 15:09:54.472 Unity[92663:11096111] Using device Intel(R) Iris(TM) Graphics 6000 (low power)
Initializing Metal device caps: Intel(R) Iris(TM) Graphics 6000
Initialize mono
Mono path[0] = '/Applications/Unity/Hub/Editor/2020.2.2f1/Unity.app/Contents/Managed'
Mono path[1] = '/Applications/Unity/Hub/Editor/2020.2.2f1/Unity.app/Contents/MonoBleedingEdge/lib/mono/unityjit'
Mono config path = '/Applications/Unity/Hub/Editor/2020.2.2f1/Unity.app/Contents/MonoBleedingEdge/etc'
Using monoOptions --debugger-agent=transport=dt_socket,embedding=1,server=y,suspend=n,address=127.0.0.1:56663
Begin MonoManager ReloadAssembly
Registering precompiled unity dll's ...
Register platform support module: /Applications/Unity/Hub/Editor/2020.2.2f1/PlaybackEngines/WebGLSupport/UnityEditor.WebGL.Extensions.dll
Register platform support module: /Applications/Unity/Hub/Editor/2020.2.2f1/Unity.app/Contents/PlaybackEngines/MacStandaloneSupport/UnityEditor.OSXStandalone.Extensions.dll
Register platform support module: /Applications/Unity/Hub/Editor/2020.2.2f1/PlaybackEngines/LinuxStandaloneSupport/UnityEditor.LinuxStandalone.Extensions.dll
Registered in 0.003064 seconds.
Native extension for LinuxStandalone target not found
Native extension for OSXStandalone target not found
Native extension for WebGL target not found
Refreshing native plugins compatible for Editor in 60.58 ms, found 1 plugins.
Preloading 0 native plugins for Editor in 0.00 ms.
Invoked RoslynAnalysisRunner static constructor.
RoslynAnalysisRunner will not be running.
RoslynAnalysisRunner has terminated.
Mono: successfully reloaded assembly
- Completed reload, in  4.865 seconds
Platform modules already initialized, skipping
Registering precompiled user dll's ...
Registered in 0.000970 seconds.
Begin MonoManager ReloadAssembly
Native extension for LinuxStandalone target not found
Native extension for OSXStandalone target not found
Native extension for WebGL target not found
Refreshing native plugins compatible for Editor in 0.43 ms, found 1 plugins.
Preloading 0 native plugins for Editor in 0.00 ms.
Invoked RoslynAnalysisRunner static constructor.
RoslynAnalysisRunner will not be running.
RoslynAnalysisRunner has terminated.
Mono: successfully reloaded assembly
- Completed reload, in  2.441 seconds
Platform modules already initialized, skipping
========================================================================
Worker process is ready to serve import requests
Launching external process: /Applications/Unity/Hub/Editor/2020.2.2f1/Unity.app/Contents/Tools/UnityShaderCompiler
Launched and connected shader compiler UnityShaderCompiler after 0.04 seconds
Refreshing native plugins compatible for Editor in 0.42 ms, found 1 plugins.
Preloading 0 native plugins for Editor in 0.00 ms.
Unloading 1229 Unused Serialized files (Serialized files now loaded: 0)
System memory in use before: 129.1 MB.
System memory in use after: 128.7 MB.

Unloading 11 unused Assets to reduce memory usage. Loaded Objects now: 1677.
Total: 6.309789 ms (FindLiveObjects: 0.492487 ms CreateObjectMapping: 0.187326 ms MarkObjects: 4.125340 ms  DeleteObjects: 1.501989 ms)

========================================================================
Received Import Request.
  path: Assets/Materials/fire001.mat
  artifactKey: Guid(a82630f4a9947446987df675066ecb72) Importer(815301076,1909f56bfc062723c751e8b465ee728b)
Start importing Assets/Materials/fire001.mat using Guid(a82630f4a9947446987df675066ecb72) Importer(815301076,1909f56bfc062723c751e8b465ee728b)  -> (artifact id: '429e0d984edcae46eb5393b1ec66f7d2') in 7.232910 seconds
  Import took 7.249193 seconds .

========================================================================
Received Prepare
Refreshing native plugins compatible for Editor in 27.99 ms, found 1 plugins.
Preloading 0 native plugins for Editor in 0.00 ms.
Unloading 4 Unused Serialized files (Serialized files now loaded: 0)
System memory in use before: 113.7 MB.
System memory in use after: 113.3 MB.

Unloading 4 unused Assets to reduce memory usage. Loaded Objects now: 1717.
Total: 8.773467 ms (FindLiveObjects: 0.467448 ms CreateObjectMapping: 0.168997 ms MarkObjects: 6.350341 ms  DeleteObjects: 1.781912 ms)

========================================================================
Received Import Request.
  Time since last request: 5.405728 seconds.
  path: Assets/Materials/fire001.mat
  artifactKey: Guid(a82630f4a9947446987df675066ecb72) Importer(815301076,1909f56bfc062723c751e8b465ee728b)
Start importing Assets/Materials/fire001.mat using Guid(a82630f4a9947446987df675066ecb72) Importer(815301076,1909f56bfc062723c751e8b465ee728b)  -> (artifact id: '429e0d984edcae46eb5393b1ec66f7d2') in 0.155132 seconds
  Import took 0.159537 seconds .

========================================================================
Received Prepare
Registering precompiled user dll's ...
Registered in 0.029392 seconds.
Begin MonoManager ReloadAssembly
Native extension for LinuxStandalone target not found
Native extension for OSXStandalone target not found
Native extension for WebGL target not found
Refreshing native plugins compatible for Editor in 0.37 ms, found 1 plugins.
Preloading 0 native plugins for Editor in 0.00 ms.
Invoked RoslynAnalysisRunner static constructor.
RoslynAnalysisRunner will not be running.
RoslynAnalysisRunner has terminated.
Mono: successfully reloaded assembly
- Completed reload, in  4.486 seconds
Platform modules already initialized, skipping
Refreshing native plugins compatible for Editor in 1.36 ms, found 1 plugins.
Preloading 0 native plugins for Editor in 0.00 ms.
Unloading 1204 Unused Serialized files (Serialized files now loaded: 0)
System memory in use before: 137.2 MB.
System memory in use after: 136.8 MB.

Unloading 6 unused Assets to reduce memory usage. Loaded Objects now: 1719.
Total: 16.304287 ms (FindLiveObjects: 0.772064 ms CreateObjectMapping: 0.578525 ms MarkObjects: 13.081221 ms  DeleteObjects: 1.868964 ms)

========================================================================
Received Prepare
Registering precompiled user dll's ...
Registered in 0.025725 seconds.
Begin MonoManager ReloadAssembly
Native extension for LinuxStandalone target not found
Native extension for OSXStandalone target not found
Native extension for WebGL target not found
Refreshing native plugins compatible for Editor in 0.48 ms, found 1 plugins.
Preloading 0 native plugins for Editor in 0.00 ms.
Invoked RoslynAnalysisRunner static constructor.
RoslynAnalysisRunner will not be running.
RoslynAnalysisRunner has terminated.
Mono: successfully reloaded assembly
- Completed reload, in  2.445 seconds
Platform modules already initialized, skipping
Refreshing native plugins compatible for Editor in 0.37 ms, found 1 plugins.
Preloading 0 native plugins for Editor in 0.00 ms.
Unloading 1204 Unused Serialized files (Serialized files now loaded: 0)
System memory in use before: 137.5 MB.
System memory in use after: 137.2 MB.

Unloading 6 unused Assets to reduce memory usage. Loaded Objects now: 1721.
Total: 3.589987 ms (FindLiveObjects: 0.280680 ms CreateObjectMapping: 0.057408 ms MarkObjects: 2.466735 ms  DeleteObjects: 0.692267 ms)

